                                 Started job on |	Nov 11 11:20:06
                             Started mapping on |	Nov 11 11:20:22
                                    Finished on |	Nov 11 11:20:53
       Mapping speed, Million of reads per hour |	84.49

                          Number of input reads |	727594
                      Average input read length |	73
                                    UNIQUE READS:
                   Uniquely mapped reads number |	726068
                        Uniquely mapped reads % |	99.79%
                          Average mapped length |	73.60
                       Number of splices: Total |	178955
            Number of splices: Annotated (sjdb) |	176766
                       Number of splices: GT/AG |	178324
                       Number of splices: GC/AG |	439
                       Number of splices: AT/AC |	15
               Number of splices: Non-canonical |	177
                      Mismatch rate per base, % |	0.22%
                         Deletion rate per base |	0.01%
                        Deletion average length |	1.50
                        Insertion rate per base |	0.00%
                       Insertion average length |	1.22
                             MULTI-MAPPING READS:
        Number of reads mapped to multiple loci |	1444
             % of reads mapped to multiple loci |	0.20%
        Number of reads mapped to too many loci |	21
             % of reads mapped to too many loci |	0.00%
                                  UNMAPPED READS:
  Number of reads unmapped: too many mismatches |	0
       % of reads unmapped: too many mismatches |	0.00%
            Number of reads unmapped: too short |	57
                 % of reads unmapped: too short |	0.01%
                Number of reads unmapped: other |	4
                     % of reads unmapped: other |	0.00%
                                  CHIMERIC READS:
                       Number of chimeric reads |	0
                            % of chimeric reads |	0.00%
