                                 Started job on |	Nov 11 11:24:15
                             Started mapping on |	Nov 11 11:24:31
                                    Finished on |	Nov 11 11:24:55
       Mapping speed, Million of reads per hour |	77.88

                          Number of input reads |	519186
                      Average input read length |	73
                                    UNIQUE READS:
                   Uniquely mapped reads number |	518059
                        Uniquely mapped reads % |	99.78%
                          Average mapped length |	73.57
                       Number of splices: Total |	129327
            Number of splices: Annotated (sjdb) |	127881
                       Number of splices: GT/AG |	128849
                       Number of splices: GC/AG |	320
                       Number of splices: AT/AC |	9
               Number of splices: Non-canonical |	149
                      Mismatch rate per base, % |	0.23%
                         Deletion rate per base |	0.01%
                        Deletion average length |	1.53
                        Insertion rate per base |	0.00%
                       Insertion average length |	1.21
                             MULTI-MAPPING READS:
        Number of reads mapped to multiple loci |	1072
             % of reads mapped to multiple loci |	0.21%
        Number of reads mapped to too many loci |	14
             % of reads mapped to too many loci |	0.00%
                                  UNMAPPED READS:
  Number of reads unmapped: too many mismatches |	0
       % of reads unmapped: too many mismatches |	0.00%
            Number of reads unmapped: too short |	39
                 % of reads unmapped: too short |	0.01%
                Number of reads unmapped: other |	2
                     % of reads unmapped: other |	0.00%
                                  CHIMERIC READS:
                       Number of chimeric reads |	0
                            % of chimeric reads |	0.00%
