STAR version=2.7.3a
STAR compilation time,server,dir=Tue Oct 8 14:26:19 EDT 2019 vega:/home/dobin/data/STAR/STARcode/STAR.master/source
##### Command Line:
STAR --genomeDir example_dataset/reference/STARIndex/Homo_sapiens.GRCh38.93.STAR.idx --readFilesIn example_dataset/output/FASTQtrimmed/WT-Chir-2_R1_trimmed.fq.gz --runThreadN 1 --outFileNamePrefix example_dataset/output/STAR/WT-Chir-2_R1/WT-Chir-2_R1_ --outSAMtype BAM SortedByCoordinate --readFilesCommand gunzip -c
##### Initial USER parameters from Command Line:
outFileNamePrefix                 example_dataset/output/STAR/WT-Chir-2_R1/WT-Chir-2_R1_
###### All USER parameters from Command Line:
genomeDir                     example_dataset/reference/STARIndex/Homo_sapiens.GRCh38.93.STAR.idx     ~RE-DEFINED
readFilesIn                   example_dataset/output/FASTQtrimmed/WT-Chir-2_R1_trimmed.fq.gz        ~RE-DEFINED
runThreadN                    1     ~RE-DEFINED
outFileNamePrefix             example_dataset/output/STAR/WT-Chir-2_R1/WT-Chir-2_R1_     ~RE-DEFINED
outSAMtype                    BAM   SortedByCoordinate        ~RE-DEFINED
readFilesCommand              gunzip   -c        ~RE-DEFINED
##### Finished reading parameters from all sources

##### Final user re-defined parameters-----------------:
runThreadN                        1
genomeDir                         example_dataset/reference/STARIndex/Homo_sapiens.GRCh38.93.STAR.idx
readFilesIn                       example_dataset/output/FASTQtrimmed/WT-Chir-2_R1_trimmed.fq.gz   
readFilesCommand                  gunzip   -c   
outFileNamePrefix                 example_dataset/output/STAR/WT-Chir-2_R1/WT-Chir-2_R1_
outSAMtype                        BAM   SortedByCoordinate   

-------------------------------
##### Final effective command line:
STAR   --runThreadN 1   --genomeDir example_dataset/reference/STARIndex/Homo_sapiens.GRCh38.93.STAR.idx   --readFilesIn example_dataset/output/FASTQtrimmed/WT-Chir-2_R1_trimmed.fq.gz      --readFilesCommand gunzip   -c      --outFileNamePrefix example_dataset/output/STAR/WT-Chir-2_R1/WT-Chir-2_R1_   --outSAMtype BAM   SortedByCoordinate   
----------------------------------------


   Input read files for mate 1, from input string example_dataset/output/FASTQtrimmed/WT-Chir-2_R1_trimmed.fq.gz
-rw-r--r-- 1 rstudio rstudio 13447573 Nov 11 11:24 example_dataset/output/FASTQtrimmed/WT-Chir-2_R1_trimmed.fq.gz

   readsCommandsFile:
exec > "example_dataset/output/STAR/WT-Chir-2_R1/WT-Chir-2_R1__STARtmp/tmp.fifo.read1"
echo FILE 0
gunzip   -c      "example_dataset/output/FASTQtrimmed/WT-Chir-2_R1_trimmed.fq.gz"

WARNING: --limitBAMsortRAM=0, will use genome size as RAM limit for BAM sorting
Finished loading and checking parameters
Reading genome generation parameters:
### STAR   --runMode genomeGenerate   --runThreadN 1   --genomeDir example_dataset/reference/STARIndex/Homo_sapiens.GRCh38.93.STAR.idx   --genomeFastaFiles example_dataset/reference/Homo_sapiens.GRCh38.dna.chromosome.22.fa      --sjdbGTFfile example_dataset/reference/Homo_sapiens.GRCh38.98.chr22.gtf   --sjdbOverhang 63
### GstrandBit=32
versionGenome                 2.7.1a     ~RE-DEFINED
genomeFastaFiles              example_dataset/reference/Homo_sapiens.GRCh38.dna.chromosome.22.fa        ~RE-DEFINED
genomeSAindexNbases           14     ~RE-DEFINED
genomeChrBinNbits             18     ~RE-DEFINED
genomeSAsparseD               1     ~RE-DEFINED
sjdbOverhang                  63     ~RE-DEFINED
sjdbFileChrStartEnd           -        ~RE-DEFINED
sjdbGTFfile                   example_dataset/reference/Homo_sapiens.GRCh38.98.chr22.gtf     ~RE-DEFINED
sjdbGTFchrPrefix              -     ~RE-DEFINED
sjdbGTFfeatureExon            exon     ~RE-DEFINED
sjdbGTFtagExonParentTranscripttranscript_id     ~RE-DEFINED
sjdbGTFtagExonParentGene      gene_id     ~RE-DEFINED
sjdbInsertSave                Basic     ~RE-DEFINED
genomeFileSizes               51885779   331497469        ~RE-DEFINED
Genome version is compatible with current STAR
Number of real (reference) chromosomes= 1
1	22	50818468	0
--sjdbOverhang = 63 taken from the generated genome
Started loading the genome: Mon Nov 11 11:24:15 2019

Genome: size given as a parameter = 51885779
SA: size given as a parameter = 331497469
SAindex: size given as a parameter = 1
Read from SAindex: pGe.gSAindexNbases=14  nSAi=357913940
nGenome=51885779;  nSAbyte=331497469
GstrandBit=32   SA number of indices=80363022
Shared memory is not used for genomes. Allocated a private copy of the genome.
Genome file size: 51885779 bytes; state: good=1 eof=0 fail=0 bad=0
Loading Genome ... done! state: good=1 eof=0 fail=0 bad=0; loaded 51885779 bytes
SA file size: 331497469 bytes; state: good=1 eof=0 fail=0 bad=0
Loading SA ... done! state: good=1 eof=0 fail=0 bad=0; loaded 331497469 bytes
Loading SAindex ... done: 1565873619 bytes
Finished loading the genome: Mon Nov 11 11:24:31 2019

Processing splice junctions database sjdbN=8109,   pGe.sjdbOverhang=63 
alignIntronMax=alignMatesGapMax=0, the max intron size will be approximately determined by (2^winBinNbits)*winAnchorDistNbins=589824
Starting to map file # 0
mate 1:   example_dataset/output/FASTQtrimmed/WT-Chir-2_R1_trimmed.fq.gz
BAM sorting: 274623 mapped reads
BAM sorting bins genomic start loci:
1	0	17598197
2	0	18088748
3	0	19135093
4	0	19394365
5	0	19514857
6	0	20062816
7	0	20122364
8	0	20145241
9	0	20707802
10	0	20949834
11	0	20998048
12	0	21622631
13	0	21761587
14	0	21965317
15	0	23123107
16	0	23791769
17	0	23894866
18	0	24111413
19	0	24541939
20	0	24573637
21	0	25724674
22	0	26737853
23	0	28505566
24	0	28795186
25	0	29278179
26	0	29299614
27	0	29356561
28	0	29730998
29	0	30294014
30	0	30426229
31	0	30932600
32	0	31091243
33	0	31426729
34	0	31713224
35	0	32387996
36	0	32498418
37	0	35393831
38	0	35743591
39	0	36294251
40	0	36476756
41	0	36511692
42	0	37011204
43	0	37569269
44	0	37805730
45	0	37863317
46	0	37906515
47	0	38219884
48	0	38294186
Thread #0 end of input stream, nextChar=-1
Completed: thread #0
Nov 11 11:24:54 ..... started sorting BAM
Max memory needed for sorting = 61278182
ALL DONE!
