                                 Started job on |	Nov 11 11:21:31
                             Started mapping on |	Nov 11 11:21:36
                                    Finished on |	Nov 11 11:22:00
       Mapping speed, Million of reads per hour |	95.23

                          Number of input reads |	634883
                      Average input read length |	73
                                    UNIQUE READS:
                   Uniquely mapped reads number |	633518
                        Uniquely mapped reads % |	99.78%
                          Average mapped length |	73.58
                       Number of splices: Total |	155837
            Number of splices: Annotated (sjdb) |	154075
                       Number of splices: GT/AG |	155294
                       Number of splices: GC/AG |	405
                       Number of splices: AT/AC |	15
               Number of splices: Non-canonical |	123
                      Mismatch rate per base, % |	0.23%
                         Deletion rate per base |	0.01%
                        Deletion average length |	1.52
                        Insertion rate per base |	0.00%
                       Insertion average length |	1.26
                             MULTI-MAPPING READS:
        Number of reads mapped to multiple loci |	1316
             % of reads mapped to multiple loci |	0.21%
        Number of reads mapped to too many loci |	17
             % of reads mapped to too many loci |	0.00%
                                  UNMAPPED READS:
  Number of reads unmapped: too many mismatches |	0
       % of reads unmapped: too many mismatches |	0.00%
            Number of reads unmapped: too short |	32
                 % of reads unmapped: too short |	0.01%
                Number of reads unmapped: other |	0
                     % of reads unmapped: other |	0.00%
                                  CHIMERIC READS:
                       Number of chimeric reads |	0
                            % of chimeric reads |	0.00%
