STAR version=2.7.3a
STAR compilation time,server,dir=Tue Oct 8 14:26:19 EDT 2019 vega:/home/dobin/data/STAR/STARcode/STAR.master/source
##### Command Line:
STAR --genomeDir example_dataset/reference/STARIndex/Homo_sapiens.GRCh38.93.STAR.idx --readFilesIn example_dataset/output/FASTQtrimmed/WT-Chir-1_R1_trimmed.fq.gz --runThreadN 1 --outFileNamePrefix example_dataset/output/STAR/WT-Chir-1_R1/WT-Chir-1_R1_ --outSAMtype BAM SortedByCoordinate --readFilesCommand gunzip -c
##### Initial USER parameters from Command Line:
outFileNamePrefix                 example_dataset/output/STAR/WT-Chir-1_R1/WT-Chir-1_R1_
###### All USER parameters from Command Line:
genomeDir                     example_dataset/reference/STARIndex/Homo_sapiens.GRCh38.93.STAR.idx     ~RE-DEFINED
readFilesIn                   example_dataset/output/FASTQtrimmed/WT-Chir-1_R1_trimmed.fq.gz        ~RE-DEFINED
runThreadN                    1     ~RE-DEFINED
outFileNamePrefix             example_dataset/output/STAR/WT-Chir-1_R1/WT-Chir-1_R1_     ~RE-DEFINED
outSAMtype                    BAM   SortedByCoordinate        ~RE-DEFINED
readFilesCommand              gunzip   -c        ~RE-DEFINED
##### Finished reading parameters from all sources

##### Final user re-defined parameters-----------------:
runThreadN                        1
genomeDir                         example_dataset/reference/STARIndex/Homo_sapiens.GRCh38.93.STAR.idx
readFilesIn                       example_dataset/output/FASTQtrimmed/WT-Chir-1_R1_trimmed.fq.gz   
readFilesCommand                  gunzip   -c   
outFileNamePrefix                 example_dataset/output/STAR/WT-Chir-1_R1/WT-Chir-1_R1_
outSAMtype                        BAM   SortedByCoordinate   

-------------------------------
##### Final effective command line:
STAR   --runThreadN 1   --genomeDir example_dataset/reference/STARIndex/Homo_sapiens.GRCh38.93.STAR.idx   --readFilesIn example_dataset/output/FASTQtrimmed/WT-Chir-1_R1_trimmed.fq.gz      --readFilesCommand gunzip   -c      --outFileNamePrefix example_dataset/output/STAR/WT-Chir-1_R1/WT-Chir-1_R1_   --outSAMtype BAM   SortedByCoordinate   
----------------------------------------


   Input read files for mate 1, from input string example_dataset/output/FASTQtrimmed/WT-Chir-1_R1_trimmed.fq.gz
-rw-r--r-- 1 rstudio rstudio 16246883 Nov 11 11:21 example_dataset/output/FASTQtrimmed/WT-Chir-1_R1_trimmed.fq.gz

   readsCommandsFile:
exec > "example_dataset/output/STAR/WT-Chir-1_R1/WT-Chir-1_R1__STARtmp/tmp.fifo.read1"
echo FILE 0
gunzip   -c      "example_dataset/output/FASTQtrimmed/WT-Chir-1_R1_trimmed.fq.gz"

WARNING: --limitBAMsortRAM=0, will use genome size as RAM limit for BAM sorting
Finished loading and checking parameters
Reading genome generation parameters:
### STAR   --runMode genomeGenerate   --runThreadN 1   --genomeDir example_dataset/reference/STARIndex/Homo_sapiens.GRCh38.93.STAR.idx   --genomeFastaFiles example_dataset/reference/Homo_sapiens.GRCh38.dna.chromosome.22.fa      --sjdbGTFfile example_dataset/reference/Homo_sapiens.GRCh38.98.chr22.gtf   --sjdbOverhang 63
### GstrandBit=32
versionGenome                 2.7.1a     ~RE-DEFINED
genomeFastaFiles              example_dataset/reference/Homo_sapiens.GRCh38.dna.chromosome.22.fa        ~RE-DEFINED
genomeSAindexNbases           14     ~RE-DEFINED
genomeChrBinNbits             18     ~RE-DEFINED
genomeSAsparseD               1     ~RE-DEFINED
sjdbOverhang                  63     ~RE-DEFINED
sjdbFileChrStartEnd           -        ~RE-DEFINED
sjdbGTFfile                   example_dataset/reference/Homo_sapiens.GRCh38.98.chr22.gtf     ~RE-DEFINED
sjdbGTFchrPrefix              -     ~RE-DEFINED
sjdbGTFfeatureExon            exon     ~RE-DEFINED
sjdbGTFtagExonParentTranscripttranscript_id     ~RE-DEFINED
sjdbGTFtagExonParentGene      gene_id     ~RE-DEFINED
sjdbInsertSave                Basic     ~RE-DEFINED
genomeFileSizes               51885779   331497469        ~RE-DEFINED
Genome version is compatible with current STAR
Number of real (reference) chromosomes= 1
1	22	50818468	0
--sjdbOverhang = 63 taken from the generated genome
Started loading the genome: Mon Nov 11 11:21:31 2019

Genome: size given as a parameter = 51885779
SA: size given as a parameter = 331497469
SAindex: size given as a parameter = 1
Read from SAindex: pGe.gSAindexNbases=14  nSAi=357913940
nGenome=51885779;  nSAbyte=331497469
GstrandBit=32   SA number of indices=80363022
Shared memory is not used for genomes. Allocated a private copy of the genome.
Genome file size: 51885779 bytes; state: good=1 eof=0 fail=0 bad=0
Loading Genome ... done! state: good=1 eof=0 fail=0 bad=0; loaded 51885779 bytes
SA file size: 331497469 bytes; state: good=1 eof=0 fail=0 bad=0
Loading SA ... done! state: good=1 eof=0 fail=0 bad=0; loaded 331497469 bytes
Loading SAindex ... done: 1565873619 bytes
Finished loading the genome: Mon Nov 11 11:21:36 2019

Processing splice junctions database sjdbN=8109,   pGe.sjdbOverhang=63 
alignIntronMax=alignMatesGapMax=0, the max intron size will be approximately determined by (2^winBinNbits)*winAnchorDistNbins=589824
Starting to map file # 0
mate 1:   example_dataset/output/FASTQtrimmed/WT-Chir-1_R1_trimmed.fq.gz
BAM sorting: 274669 mapped reads
BAM sorting bins genomic start loci:
1	0	17592204
2	0	17817547
3	0	18911888
4	0	19176097
5	0	19396876
6	0	19497389
7	0	19880226
8	0	20112098
9	0	20125078
10	0	20142977
11	0	20496337
12	0	20799743
13	0	20951581
14	0	20999858
15	0	21622361
16	0	21696057
17	0	21807712
18	0	22325772
19	0	23261433
20	0	23765931
21	0	23894535
22	0	23895099
23	0	24178506
24	0	24542204
25	0	24572237
26	0	25464101
27	0	26492005
28	0	27853412
29	0	28786088
30	0	28795692
31	0	29278166
32	0	29298747
33	0	29330480
34	0	29544506
35	0	29769755
36	0	30333326
37	0	30366004
38	0	30584688
39	0	30975606
40	0	31237705
41	0	31434889
42	0	31713297
43	0	32273473
44	0	32484103
45	0	35295153
46	0	35419931
47	0	36281494
48	0	36295587
Thread #0 end of input stream, nextChar=-1
Completed: thread #0
Nov 11 11:21:58 ..... started sorting BAM
Max memory needed for sorting = 89568509
ALL DONE!
