                                 Started job on |	Nov 11 11:26:14
                             Started mapping on |	Nov 11 11:26:21
                                    Finished on |	Nov 11 11:26:33
       Mapping speed, Million of reads per hour |	94.93

                          Number of input reads |	316446
                      Average input read length |	73
                                    UNIQUE READS:
                   Uniquely mapped reads number |	315683
                        Uniquely mapped reads % |	99.76%
                          Average mapped length |	73.58
                       Number of splices: Total |	76922
            Number of splices: Annotated (sjdb) |	76101
                       Number of splices: GT/AG |	76638
                       Number of splices: GC/AG |	190
                       Number of splices: AT/AC |	14
               Number of splices: Non-canonical |	80
                      Mismatch rate per base, % |	0.23%
                         Deletion rate per base |	0.01%
                        Deletion average length |	1.51
                        Insertion rate per base |	0.00%
                       Insertion average length |	1.24
                             MULTI-MAPPING READS:
        Number of reads mapped to multiple loci |	720
             % of reads mapped to multiple loci |	0.23%
        Number of reads mapped to too many loci |	16
             % of reads mapped to too many loci |	0.01%
                                  UNMAPPED READS:
  Number of reads unmapped: too many mismatches |	0
       % of reads unmapped: too many mismatches |	0.00%
            Number of reads unmapped: too short |	27
                 % of reads unmapped: too short |	0.01%
                Number of reads unmapped: other |	0
                     % of reads unmapped: other |	0.00%
                                  CHIMERIC READS:
                       Number of chimeric reads |	0
                            % of chimeric reads |	0.00%
