STAR version=2.7.3a
STAR compilation time,server,dir=Tue Oct 8 14:26:19 EDT 2019 vega:/home/dobin/data/STAR/STARcode/STAR.master/source
##### Command Line:
STAR --genomeDir example_dataset/reference/STARIndex/Homo_sapiens.GRCh38.93.STAR.idx --readFilesIn example_dataset/output/FASTQtrimmed/WT-unstim-3_R1_trimmed.fq.gz --runThreadN 1 --outFileNamePrefix example_dataset/output/STAR/WT-unstim-3_R1/WT-unstim-3_R1_ --outSAMtype BAM SortedByCoordinate --readFilesCommand gunzip -c
##### Initial USER parameters from Command Line:
outFileNamePrefix                 example_dataset/output/STAR/WT-unstim-3_R1/WT-unstim-3_R1_
###### All USER parameters from Command Line:
genomeDir                     example_dataset/reference/STARIndex/Homo_sapiens.GRCh38.93.STAR.idx     ~RE-DEFINED
readFilesIn                   example_dataset/output/FASTQtrimmed/WT-unstim-3_R1_trimmed.fq.gz        ~RE-DEFINED
runThreadN                    1     ~RE-DEFINED
outFileNamePrefix             example_dataset/output/STAR/WT-unstim-3_R1/WT-unstim-3_R1_     ~RE-DEFINED
outSAMtype                    BAM   SortedByCoordinate        ~RE-DEFINED
readFilesCommand              gunzip   -c        ~RE-DEFINED
##### Finished reading parameters from all sources

##### Final user re-defined parameters-----------------:
runThreadN                        1
genomeDir                         example_dataset/reference/STARIndex/Homo_sapiens.GRCh38.93.STAR.idx
readFilesIn                       example_dataset/output/FASTQtrimmed/WT-unstim-3_R1_trimmed.fq.gz   
readFilesCommand                  gunzip   -c   
outFileNamePrefix                 example_dataset/output/STAR/WT-unstim-3_R1/WT-unstim-3_R1_
outSAMtype                        BAM   SortedByCoordinate   

-------------------------------
##### Final effective command line:
STAR   --runThreadN 1   --genomeDir example_dataset/reference/STARIndex/Homo_sapiens.GRCh38.93.STAR.idx   --readFilesIn example_dataset/output/FASTQtrimmed/WT-unstim-3_R1_trimmed.fq.gz      --readFilesCommand gunzip   -c      --outFileNamePrefix example_dataset/output/STAR/WT-unstim-3_R1/WT-unstim-3_R1_   --outSAMtype BAM   SortedByCoordinate   
----------------------------------------


   Input read files for mate 1, from input string example_dataset/output/FASTQtrimmed/WT-unstim-3_R1_trimmed.fq.gz
-rw-r--r-- 1 rstudio rstudio 8509123 Nov 11 11:26 example_dataset/output/FASTQtrimmed/WT-unstim-3_R1_trimmed.fq.gz

   readsCommandsFile:
exec > "example_dataset/output/STAR/WT-unstim-3_R1/WT-unstim-3_R1__STARtmp/tmp.fifo.read1"
echo FILE 0
gunzip   -c      "example_dataset/output/FASTQtrimmed/WT-unstim-3_R1_trimmed.fq.gz"

WARNING: --limitBAMsortRAM=0, will use genome size as RAM limit for BAM sorting
Finished loading and checking parameters
Reading genome generation parameters:
### STAR   --runMode genomeGenerate   --runThreadN 1   --genomeDir example_dataset/reference/STARIndex/Homo_sapiens.GRCh38.93.STAR.idx   --genomeFastaFiles example_dataset/reference/Homo_sapiens.GRCh38.dna.chromosome.22.fa      --sjdbGTFfile example_dataset/reference/Homo_sapiens.GRCh38.98.chr22.gtf   --sjdbOverhang 63
### GstrandBit=32
versionGenome                 2.7.1a     ~RE-DEFINED
genomeFastaFiles              example_dataset/reference/Homo_sapiens.GRCh38.dna.chromosome.22.fa        ~RE-DEFINED
genomeSAindexNbases           14     ~RE-DEFINED
genomeChrBinNbits             18     ~RE-DEFINED
genomeSAsparseD               1     ~RE-DEFINED
sjdbOverhang                  63     ~RE-DEFINED
sjdbFileChrStartEnd           -        ~RE-DEFINED
sjdbGTFfile                   example_dataset/reference/Homo_sapiens.GRCh38.98.chr22.gtf     ~RE-DEFINED
sjdbGTFchrPrefix              -     ~RE-DEFINED
sjdbGTFfeatureExon            exon     ~RE-DEFINED
sjdbGTFtagExonParentTranscripttranscript_id     ~RE-DEFINED
sjdbGTFtagExonParentGene      gene_id     ~RE-DEFINED
sjdbInsertSave                Basic     ~RE-DEFINED
genomeFileSizes               51885779   331497469        ~RE-DEFINED
Genome version is compatible with current STAR
Number of real (reference) chromosomes= 1
1	22	50818468	0
--sjdbOverhang = 63 taken from the generated genome
Started loading the genome: Mon Nov 11 11:26:14 2019

Genome: size given as a parameter = 51885779
SA: size given as a parameter = 331497469
SAindex: size given as a parameter = 1
Read from SAindex: pGe.gSAindexNbases=14  nSAi=357913940
nGenome=51885779;  nSAbyte=331497469
GstrandBit=32   SA number of indices=80363022
Shared memory is not used for genomes. Allocated a private copy of the genome.
Genome file size: 51885779 bytes; state: good=1 eof=0 fail=0 bad=0
Loading Genome ... done! state: good=1 eof=0 fail=0 bad=0; loaded 51885779 bytes
SA file size: 331497469 bytes; state: good=1 eof=0 fail=0 bad=0
Loading SA ... done! state: good=1 eof=0 fail=0 bad=0; loaded 331497469 bytes
Loading SAindex ... done: 1565873619 bytes
Finished loading the genome: Mon Nov 11 11:26:21 2019

Processing splice junctions database sjdbN=8109,   pGe.sjdbOverhang=63 
alignIntronMax=alignMatesGapMax=0, the max intron size will be approximately determined by (2^winBinNbits)*winAnchorDistNbins=589824
Starting to map file # 0
mate 1:   example_dataset/output/FASTQtrimmed/WT-unstim-3_R1_trimmed.fq.gz
BAM sorting: 274606 mapped reads
BAM sorting bins genomic start loci:
1	0	17788278
2	0	19175721
3	0	19507427
4	0	20113765
5	0	20406254
6	0	20889158
7	0	21449043
8	0	21762133
9	0	22548266
10	0	23816774
11	0	24064141
12	0	24566033
13	0	26452396
14	0	27896612
15	0	28799138
16	0	29298823
17	0	29554980
18	0	30293920
19	0	30587374
20	0	31134403
21	0	31684519
22	0	32408232
23	0	35410803
24	0	36284405
25	0	36486970
26	0	36763946
27	0	37690751
28	0	37874463
29	0	38221010
30	0	38300791
31	0	38484763
32	0	38489513
33	0	38670923
34	0	38861525
35	0	39312935
36	0	39314763
37	0	39317542
38	0	39520654
39	0	40300562
40	0	40826095
41	0	41178602
42	0	41261538
43	0	41499813
44	0	41603355
45	0	41650830
46	0	41826424
47	0	42067278
48	0	42584908
Thread #0 end of input stream, nextChar=-1
Completed: thread #0
Nov 11 11:26:32 ..... started sorting BAM
Max memory needed for sorting = 11791102
ALL DONE!
