                                 Started job on |	Nov 11 11:25:27
                             Started mapping on |	Nov 11 11:25:33
                                    Finished on |	Nov 11 11:25:53
       Mapping speed, Million of reads per hour |	89.49

                          Number of input reads |	497174
                      Average input read length |	73
                                    UNIQUE READS:
                   Uniquely mapped reads number |	496159
                        Uniquely mapped reads % |	99.80%
                          Average mapped length |	73.68
                       Number of splices: Total |	124378
            Number of splices: Annotated (sjdb) |	123037
                       Number of splices: GT/AG |	123988
                       Number of splices: GC/AG |	266
                       Number of splices: AT/AC |	17
               Number of splices: Non-canonical |	107
                      Mismatch rate per base, % |	0.24%
                         Deletion rate per base |	0.01%
                        Deletion average length |	1.51
                        Insertion rate per base |	0.00%
                       Insertion average length |	1.21
                             MULTI-MAPPING READS:
        Number of reads mapped to multiple loci |	965
             % of reads mapped to multiple loci |	0.19%
        Number of reads mapped to too many loci |	10
             % of reads mapped to too many loci |	0.00%
                                  UNMAPPED READS:
  Number of reads unmapped: too many mismatches |	0
       % of reads unmapped: too many mismatches |	0.00%
            Number of reads unmapped: too short |	36
                 % of reads unmapped: too short |	0.01%
                Number of reads unmapped: other |	4
                     % of reads unmapped: other |	0.00%
                                  CHIMERIC READS:
                       Number of chimeric reads |	0
                            % of chimeric reads |	0.00%
